<?xml version="1.0" encoding="utf-8"?><testsuites name="pytest tests"><testsuite name="pytest" errors="0" failures="0" skipped="0" tests="10" time="16.540" timestamp="2026-04-16T21:51:14.209177+00:00" hostname="agent-env-c4d67b27-6f5a-4345-ba0e-52d1561825fd"><testcase classname="backend.tests.test_logistics_ai.TestHealthAndRoot" name="test_root_endpoint" time="4.655" /><testcase classname="backend.tests.test_logistics_ai.TestDocumentUpload" name="test_upload_txt_document" time="0.371" /><testcase classname="backend.tests.test_logistics_ai.TestDocumentUpload" name="test_upload_invalid_file_type" time="0.178" /><testcase classname="backend.tests.test_logistics_ai.TestQAFunctionality" name="test_qa_shipment_id" time="1.561" /><testcase classname="backend.tests.test_logistics_ai.TestQAFunctionality" name="test_qa_shipper_info" time="1.935" /><testcase classname="backend.tests.test_logistics_ai.TestQAFunctionality" name="test_qa_invalid_document_id" time="0.101" /><testcase classname="backend.tests.test_logistics_ai.TestGuardrails" name="test_guardrail_unrelated_question" time="3.130" /><testcase classname="backend.tests.test_logistics_ai.TestGuardrails" name="test_guardrail_completely_unrelated" time="1.186" /><testcase classname="backend.tests.test_logistics_ai.TestStructuredExtraction" name="test_extract_shipment_data" time="3.108" /><testcase classname="backend.tests.test_logistics_ai.TestStructuredExtraction" name="test_extract_invalid_document_id" time="0.140" /></testsuite></testsuites>